Using pre-set license
Built from '2021.1/staging' branch; Version is '2021.1.12f1 (afcadd793de6) revision 11520733'; Using compiler version '192528614'; Build Type 'Release'
OS: 'Windows 10 Enterprise; OS build 17763.1935; Version 1809; 64bit' Language: 'en' Physical Memory: 8145 MB
BatchMode: 1, IsHumanControllingUs: 0, StartBugReporterOnCrash: 0, Is64bit: 1, IsPro: 0

 COMMAND LINE ARGUMENTS:
C:\Program Files\Unity\Hub\Editor\2021.1.12f1\Editor\Unity.exe
-adb2
-batchMode
-noUpm
-name
AssetImportWorker1
-projectPath
D:/sandbox/dARts/dARts
-logFile
Logs/AssetImportWorker1.log
-srvPort
63309
Successfully changed project path to: D:/sandbox/dARts/dARts
D:/sandbox/dARts/dARts
Using Asset Import Pipeline V2.
Refreshing native plugins compatible for Editor in 77.23 ms, found 3 plugins.
Preloading 0 native plugins for Editor in 0.00 ms.
Initialize engine version: 2021.1.12f1 (afcadd793de6)
[Subsystems] Discovering subsystems at path C:/Program Files/Unity/Hub/Editor/2021.1.12f1/Editor/Data/Resources/UnitySubsystems
[Subsystems] Discovering subsystems at path D:/sandbox/dARts/dARts/Assets
GfxDevice: creating device client; threaded=0; jobified=0
Direct3D:
    Version:  Direct3D 11.0 [level 11.1]
    Renderer: NVIDIA GeForce GTX 1080 Ti (ID=0x1b06)
    Vendor:   NVIDIA
    VRAM:     11127 MB
    Driver:   27.21.14.5671
Initialize mono
Mono path[0] = 'C:/Program Files/Unity/Hub/Editor/2021.1.12f1/Editor/Data/Managed'
Mono path[1] = 'C:/Program Files/Unity/Hub/Editor/2021.1.12f1/Editor/Data/MonoBleedingEdge/lib/mono/unityjit'
Mono config path = 'C:/Program Files/Unity/Hub/Editor/2021.1.12f1/Editor/Data/MonoBleedingEdge/etc'
Using monoOptions --debugger-agent=transport=dt_socket,embedding=1,server=y,suspend=n,address=127.0.0.1:56300
Begin MonoManager ReloadAssembly
Registering precompiled unity dll's ...
Register platform support module: C:/Program Files/Unity/Hub/Editor/2021.1.12f1/Editor/Data/PlaybackEngines/WindowsStandaloneSupport/UnityEditor.WindowsStandalone.Extensions.dll
Registered in 0.001199 seconds.
Native extension for WindowsStandalone target not found
Refreshing native plugins compatible for Editor in 75.12 ms, found 3 plugins.
Preloading 0 native plugins for Editor in 0.00 ms.
Mono: successfully reloaded assembly
- Completed reload, in  1.469 seconds
Domain Reload Profiling:
	ReloadAssembly (1469ms)
		BeginReloadAssembly (46ms)
			ExecutionOrderSort (0ms)
			DisableScriptedObjects (0ms)
			BackupInstance (0ms)
			ReleaseScriptingObjects (0ms)
			CreateAndSetChildDomain (1ms)
		EndReloadAssembly (414ms)
			LoadAssemblies (44ms)
			RebuildTransferFunctionScriptingTraits (0ms)
			SetupTypeCache (148ms)
			ReleaseScriptCaches (0ms)
			RebuildScriptCaches (27ms)
			SetupLoadedEditorAssemblies (197ms)
				LogAssemblyErrors (0ms)
				InitializePlatformSupportModulesInManaged (6ms)
				SetLoadedEditorAssemblies (0ms)
				RefreshPlugins (75ms)
				BeforeProcessingInitializeOnLoad (1ms)
				ProcessInitializeOnLoadAttributes (88ms)
				ProcessInitializeOnLoadMethodAttributes (27ms)
				AfterProcessingInitializeOnLoad (0ms)
				EditorAssembliesLoaded (0ms)
			ExecutionOrderSort2 (0ms)
			AwakeInstancesAfterBackupRestoration (0ms)
Platform modules already initialized, skipping
Registering precompiled user dll's ...
Registered in 0.004250 seconds.
Begin MonoManager ReloadAssembly
Symbol file LoadedFromMemory doesn't match image D:\sandbox\dARts\dARts\Library\PackageCache\com.unity.visualscripting@1.6.1\Editor\VisualScripting.Core\Dependencies\YamlDotNet\Unity.VisualScripting.YamlDotNet.dll
Symbol file LoadedFromMemory doesn't match image D:\sandbox\dARts\dARts\Library\PackageCache\com.unity.visualscripting@1.6.1\Editor\VisualScripting.Core\Dependencies\DotNetZip\Unity.VisualScripting.IonicZip.dll
Native extension for WindowsStandalone target not found
Refreshing native plugins compatible for Editor in 0.63 ms, found 3 plugins.
Preloading 0 native plugins for Editor in 0.00 ms.
Mono: successfully reloaded assembly
- Completed reload, in  3.277 seconds
Domain Reload Profiling:
	ReloadAssembly (3278ms)
		BeginReloadAssembly (131ms)
			ExecutionOrderSort (0ms)
			DisableScriptedObjects (4ms)
			BackupInstance (0ms)
			ReleaseScriptingObjects (0ms)
			CreateAndSetChildDomain (19ms)
		EndReloadAssembly (3095ms)
			LoadAssemblies (2217ms)
			RebuildTransferFunctionScriptingTraits (0ms)
			SetupTypeCache (347ms)
			ReleaseScriptCaches (1ms)
			RebuildScriptCaches (45ms)
			SetupLoadedEditorAssemblies (389ms)
				LogAssemblyErrors (0ms)
				InitializePlatformSupportModulesInManaged (4ms)
				SetLoadedEditorAssemblies (0ms)
				RefreshPlugins (1ms)
				BeforeProcessingInitializeOnLoad (68ms)
				ProcessInitializeOnLoadAttributes (306ms)
				ProcessInitializeOnLoadMethodAttributes (4ms)
				AfterProcessingInitializeOnLoad (4ms)
				EditorAssembliesLoaded (0ms)
			ExecutionOrderSort2 (0ms)
			AwakeInstancesAfterBackupRestoration (6ms)
Platform modules already initialized, skipping
========================================================================
Worker process is ready to serve import requests
Launched and connected shader compiler UnityShaderCompiler.exe after 0.06 seconds
Refreshing native plugins compatible for Editor in 0.83 ms, found 3 plugins.
Preloading 0 native plugins for Editor in 0.00 ms.
Unloading 3317 Unused Serialized files (Serialized files now loaded: 0)
System memory in use before: 121.6 MB.
System memory in use after: 121.8 MB.

Unloading 25 unused Assets to reduce memory usage. Loaded Objects now: 3765.
Total: 2.920000 ms (FindLiveObjects: 0.459700 ms CreateObjectMapping: 0.163200 ms MarkObjects: 2.170300 ms  DeleteObjects: 0.125900 ms)

AssetImportParameters requested are different than current active one (requested -> active):
  custom:framework-win-MediaFoundation: 216162199b28c13a410421893ffa2e32 -> 
  custom:video-decoder-ogg-theora: a1e56fd34408186e4bbccfd4996cb3dc -> 
  custom:container-muxer-webm: aa71ff27fc2769a1b78a27578f13a17b -> 
  custom:container-demuxer-webm: 4f35f7cbe854078d1ac9338744f61a02 -> 
  custom:container-demuxer-ogg: 62fdf1f143b41e24485cea50d1cbac27 -> 
  custom:video-encoder-webm-vp8: eb34c28f22e8b96e1ab97ce403110664 -> 
  custom:video-decoder-webm-vp8: 9c59270c3fd7afecdb556c50c9e8de78 -> 
  custom:audio-decoder-ogg-vorbis: bf7c407c2cedff20999df2af8eb42d56 -> 
  custom:audio-encoder-webm-vorbis: bf7c407c2cedff20999df2af8eb42d56 -> 
========================================================================
Received Import Request.
  path: Assets/StreamingAssets
  artifactKey: Guid(2439740f01297774fb97e177a827df0d) Importer(815301076,1909f56bfc062723c751e8b465ee728b)
Start importing Assets/StreamingAssets using Guid(2439740f01297774fb97e177a827df0d) Importer(815301076,1909f56bfc062723c751e8b465ee728b)  -> (artifact id: '0a7efb02e9a17937e6c7204c3f53201f') in 0.017601 seconds 
========================================================================
Received Import Request.
  Time since last request: 1.526163 seconds.
  path: Assets/Scripts/PlaceObjectOnPlane.cs
  artifactKey: Guid(ce96f0fbf292e0d47b1977278913189a) Importer(815301076,1909f56bfc062723c751e8b465ee728b)
Start importing Assets/Scripts/PlaceObjectOnPlane.cs using Guid(ce96f0fbf292e0d47b1977278913189a) Importer(815301076,1909f56bfc062723c751e8b465ee728b)  -> (artifact id: 'bf456872046a92e94a9e02d58002fa2e') in 0.030216 seconds 
========================================================================
Received Import Request.
  Time since last request: 0.026118 seconds.
  path: Assets/TextMesh Pro/Resources/Fonts & Materials/LiberationSans SDF - Drop Shadow.mat
  artifactKey: Guid(e73a58f6e2794ae7b1b7e50b7fb811b0) Importer(815301076,1909f56bfc062723c751e8b465ee728b)
Start importing Assets/TextMesh Pro/Resources/Fonts & Materials/LiberationSans SDF - Drop Shadow.mat using Guid(e73a58f6e2794ae7b1b7e50b7fb811b0) Importer(815301076,1909f56bfc062723c751e8b465ee728b)  -> (artifact id: 'ea4b13868ec7abf059005ab327834e4f') in 0.142940 seconds 
========================================================================
Received Import Request.
  Time since last request: 0.029600 seconds.
  path: Assets/Model/Dart/throwing_dart_diffuse.jpg
  artifactKey: Guid(7e290ca60cead4787b7df8eb976203d5) Importer(815301076,1909f56bfc062723c751e8b465ee728b)
Start importing Assets/Model/Dart/throwing_dart_diffuse.jpg using Guid(7e290ca60cead4787b7df8eb976203d5) Importer(815301076,1909f56bfc062723c751e8b465ee728b)  -> (artifact id: 'd9b1d84b3c037f2b806613ef148c7682') in 0.123845 seconds 
========================================================================
Received Import Request.
  Time since last request: 0.039726 seconds.
  path: Assets/Prefabs/DartboardPrefab.prefab
  artifactKey: Guid(79dc54ef80592400bb0019da7256624b) Importer(815301076,1909f56bfc062723c751e8b465ee728b)
Start importing Assets/Prefabs/DartboardPrefab.prefab using Guid(79dc54ef80592400bb0019da7256624b) Importer(815301076,1909f56bfc062723c751e8b465ee728b)  -> (artifact id: 'e180d1ad842ea2ec35d6a3b72c937a35') in 0.331298 seconds 
========================================================================
Received Import Request.
  Time since last request: 0.021353 seconds.
  path: Assets/Scripts/ScoreController.cs
  artifactKey: Guid(0f4bdec9bec79e041bee1cdc7b9c8cdf) Importer(815301076,1909f56bfc062723c751e8b465ee728b)
Start importing Assets/Scripts/ScoreController.cs using Guid(0f4bdec9bec79e041bee1cdc7b9c8cdf) Importer(815301076,1909f56bfc062723c751e8b465ee728b)  -> (artifact id: '16f0d9c6a88e7636abdb1dd24b4b5e6c') in 0.004831 seconds 
========================================================================
Received Import Request.
  Time since last request: 0.031902 seconds.
  path: Assets/Prefabs
  artifactKey: Guid(c0dc3dd5809724f4098926ac1633cd4d) Importer(815301076,1909f56bfc062723c751e8b465ee728b)
Start importing Assets/Prefabs using Guid(c0dc3dd5809724f4098926ac1633cd4d) Importer(815301076,1909f56bfc062723c751e8b465ee728b)  -> (artifact id: '69adbd370be07fe8d00faf39181fb079') in 0.004720 seconds 
========================================================================
Received Import Request.
  Time since last request: 0.016283 seconds.
  path: Assets/Model/Dart
  artifactKey: Guid(bf270ea88b9d7f144a2cd86f3d74d7c9) Importer(815301076,1909f56bfc062723c751e8b465ee728b)
Start importing Assets/Model/Dart using Guid(bf270ea88b9d7f144a2cd86f3d74d7c9) Importer(815301076,1909f56bfc062723c751e8b465ee728b)  -> (artifact id: '43b3a14093df001bb1140ef90fea864c') in 0.004735 seconds 
========================================================================
Received Import Request.
  Time since last request: 0.014252 seconds.
  path: Assets/Model/Dartboard
  artifactKey: Guid(272b2b8d1f9e1ec4ab2bcdbd60768bab) Importer(815301076,1909f56bfc062723c751e8b465ee728b)
Start importing Assets/Model/Dartboard using Guid(272b2b8d1f9e1ec4ab2bcdbd60768bab) Importer(815301076,1909f56bfc062723c751e8b465ee728b)  -> (artifact id: '207ba8d2aa26cb5253414f6a6791d7d4') in 0.004803 seconds 
========================================================================
Received Import Request.
  Time since last request: 0.015456 seconds.
  path: Assets/Images/PlanePatternDot.png
  artifactKey: Guid(94181b58c6362874e9d562f8b9aa5849) Importer(815301076,1909f56bfc062723c751e8b465ee728b)
Start importing Assets/Images/PlanePatternDot.png using Guid(94181b58c6362874e9d562f8b9aa5849) Importer(815301076,1909f56bfc062723c751e8b465ee728b)  -> (artifact id: '106be0701cd8bdf9361b8b830961297f') in 0.045204 seconds 
========================================================================
Received Import Request.
  Time since last request: 0.036608 seconds.
  path: Assets/Scripts/DartBoardSpace.cs
  artifactKey: Guid(a7600cf5b9a616e4da19b368c7702890) Importer(815301076,1909f56bfc062723c751e8b465ee728b)
Start importing Assets/Scripts/DartBoardSpace.cs using Guid(a7600cf5b9a616e4da19b368c7702890) Importer(815301076,1909f56bfc062723c751e8b465ee728b)  -> (artifact id: '3dea8f37a7e6507361e3d1679adeac82') in 0.004647 seconds 
========================================================================
Received Import Request.
  Time since last request: 0.022611 seconds.
  path: Assets/Prefabs/AR Default Plane.prefab
  artifactKey: Guid(4be4a3acb013b5e4aa9d2d6c865e2952) Importer(815301076,1909f56bfc062723c751e8b465ee728b)
Start importing Assets/Prefabs/AR Default Plane.prefab using Guid(4be4a3acb013b5e4aa9d2d6c865e2952) Importer(815301076,1909f56bfc062723c751e8b465ee728b)  -> (artifact id: '10b68d05f3a03dd6922d0e05563a70ee') in 0.009324 seconds 
========================================================================
Received Import Request.
  Time since last request: 0.009835 seconds.
  path: Assets/Scripts
  artifactKey: Guid(3026433aed211f24fb594c67b2365c49) Importer(815301076,1909f56bfc062723c751e8b465ee728b)
Start importing Assets/Scripts using Guid(3026433aed211f24fb594c67b2365c49) Importer(815301076,1909f56bfc062723c751e8b465ee728b)  -> (artifact id: 'a72c24424f5dd84e84ececcf71fa5960') in 0.004800 seconds 
========================================================================
Received Import Request.
  Time since last request: 0.010376 seconds.
  path: Assets/Shaders/Dartboard
  artifactKey: Guid(f5513b6a26575b142bf9be25975b02f8) Importer(815301076,1909f56bfc062723c751e8b465ee728b)
Start importing Assets/Shaders/Dartboard using Guid(f5513b6a26575b142bf9be25975b02f8) Importer(815301076,1909f56bfc062723c751e8b465ee728b)  -> (artifact id: 'a99040c899999e001a982241eddca825') in 0.001661 seconds 
========================================================================
Received Import Request.
  Time since last request: 0.034942 seconds.
  path: Assets/TextMesh Pro/Shaders/TMP_SDF-Mobile.shader
  artifactKey: Guid(fe393ace9b354375a9cb14cdbbc28be4) Importer(815301076,1909f56bfc062723c751e8b465ee728b)
Start importing Assets/TextMesh Pro/Shaders/TMP_SDF-Mobile.shader using Guid(fe393ace9b354375a9cb14cdbbc28be4) Importer(815301076,1909f56bfc062723c751e8b465ee728b)  -> (artifact id: '039eb4f30e483359948a640654bea6a3') in 0.006254 seconds 
========================================================================
Received Import Request.
  Time since last request: 0.072479 seconds.
  path: Assets/Materials/Dartboard/DartBoardWood.mat
  artifactKey: Guid(50a769f6fba764a15a4dd829e2f7f120) Importer(815301076,1909f56bfc062723c751e8b465ee728b)
Start importing Assets/Materials/Dartboard/DartBoardWood.mat using Guid(50a769f6fba764a15a4dd829e2f7f120) Importer(815301076,1909f56bfc062723c751e8b465ee728b)  -> (artifact id: '14075cc8d454854b981e02d46b96c3e7') in 0.015189 seconds 
========================================================================
Received Import Request.
  Time since last request: 0.037153 seconds.
  path: Assets/TextMesh Pro/Resources/Fonts & Materials/LiberationSans SDF - Fallback.asset
  artifactKey: Guid(2e498d1c8094910479dc3e1b768306a4) Importer(815301076,1909f56bfc062723c751e8b465ee728b)
Start importing Assets/TextMesh Pro/Resources/Fonts & Materials/LiberationSans SDF - Fallback.asset using Guid(2e498d1c8094910479dc3e1b768306a4) Importer(815301076,1909f56bfc062723c751e8b465ee728b)  -> (artifact id: '73c4f4f2da4d2ab57d901e0f40ae3f2f') in 0.130876 seconds 
========================================================================
Received Import Request.
  Time since last request: 0.050106 seconds.
  path: Assets/Materials/FeatheredPlaneMaterial.mat
  artifactKey: Guid(d5d22b8935514664ebacbf0cbd65e3f1) Importer(815301076,1909f56bfc062723c751e8b465ee728b)
Start importing Assets/Materials/FeatheredPlaneMaterial.mat using Guid(d5d22b8935514664ebacbf0cbd65e3f1) Importer(815301076,1909f56bfc062723c751e8b465ee728b)  -> (artifact id: 'a9619328c008d88664ec0e1442aadaa1') in 0.049467 seconds 
========================================================================
Received Import Request.
  Time since last request: 0.063622 seconds.
  path: Assets/Shaders/DepthGradient.shader
  artifactKey: Guid(1aab677bdaaa5470588b1194d3f271be) Importer(815301076,1909f56bfc062723c751e8b465ee728b)
Start importing Assets/Shaders/DepthGradient.shader using Guid(1aab677bdaaa5470588b1194d3f271be) Importer(815301076,1909f56bfc062723c751e8b465ee728b)  -> (artifact id: '8f01130eb9fdc6a01ad980cdc41b9554') in 0.005109 seconds 
========================================================================
Received Import Request.
  Time since last request: 0.074302 seconds.
  path: Assets/Sounds/DartsMusic.mp3
  artifactKey: Guid(0c66f2b6c6a02f54fa8aeb1140e93319) Importer(815301076,1909f56bfc062723c751e8b465ee728b)
Start importing Assets/Sounds/DartsMusic.mp3 using Guid(0c66f2b6c6a02f54fa8aeb1140e93319) Importer(815301076,1909f56bfc062723c751e8b465ee728b)  -> (artifact id: '77c40c7d112d7067ff85d53d4d1f1549') in 0.063455 seconds 
========================================================================
Received Import Request.
  Time since last request: 0.022450 seconds.
  path: Assets/Materials/Invisible.mat
  artifactKey: Guid(d711e550a929eab49a43781a9381a100) Importer(815301076,1909f56bfc062723c751e8b465ee728b)
Start importing Assets/Materials/Invisible.mat using Guid(d711e550a929eab49a43781a9381a100) Importer(815301076,1909f56bfc062723c751e8b465ee728b)  -> (artifact id: '5036060dca6eee3d941b40dd80badc48') in 0.077866 seconds 
========================================================================
Received Import Request.
  Time since last request: 0.028370 seconds.
  path: Assets/Prefabs/AR Feathered Plane.prefab
  artifactKey: Guid(00665af5fcd854e4b8bf65bf1c199eec) Importer(815301076,1909f56bfc062723c751e8b465ee728b)
Start importing Assets/Prefabs/AR Feathered Plane.prefab using Guid(00665af5fcd854e4b8bf65bf1c199eec) Importer(815301076,1909f56bfc062723c751e8b465ee728b)  -> (artifact id: '670327907d5919cd2c35fec2c58ae1fb') in 0.006812 seconds 
========================================================================
Received Import Request.
  Time since last request: 0.019705 seconds.
  path: Assets/Model
  artifactKey: Guid(5adb9ed7af673af48ac4462878d39bd7) Importer(815301076,1909f56bfc062723c751e8b465ee728b)
Start importing Assets/Model using Guid(5adb9ed7af673af48ac4462878d39bd7) Importer(815301076,1909f56bfc062723c751e8b465ee728b)  -> (artifact id: '7e025733a8b4a266c763367318b9c95e') in 0.004947 seconds 
========================================================================
Received Import Request.
  Time since last request: 0.017080 seconds.
  path: Assets/Scripts/ARFeatheredPlaneMeshVisualizer.cs
  artifactKey: Guid(2917c5a3bd38b364e88e7203257e00e4) Importer(815301076,1909f56bfc062723c751e8b465ee728b)
Start importing Assets/Scripts/ARFeatheredPlaneMeshVisualizer.cs using Guid(2917c5a3bd38b364e88e7203257e00e4) Importer(815301076,1909f56bfc062723c751e8b465ee728b)  -> (artifact id: 'dc38fd8baff410788d247eaf4591104d') in 0.004749 seconds 
========================================================================
Received Import Request.
  Time since last request: 0.011430 seconds.
  path: Assets/Scripts/Dart.cs
  artifactKey: Guid(667380757b9ba5b4b8a464c2cf475729) Importer(815301076,1909f56bfc062723c751e8b465ee728b)
Start importing Assets/Scripts/Dart.cs using Guid(667380757b9ba5b4b8a464c2cf475729) Importer(815301076,1909f56bfc062723c751e8b465ee728b)  -> (artifact id: 'bb0cf4696c05a0a69865af3f78ef2143') in 0.001757 seconds 
========================================================================
Received Import Request.
  Time since last request: 0.021835 seconds.
  path: Assets/Sounds/Ready.wav
  artifactKey: Guid(7ac3531cce9f7284885dff5366cd2352) Importer(815301076,1909f56bfc062723c751e8b465ee728b)
Start importing Assets/Sounds/Ready.wav using Guid(7ac3531cce9f7284885dff5366cd2352) Importer(815301076,1909f56bfc062723c751e8b465ee728b)  -> (artifact id: 'c1b65b1f2e743d28ff3310851c738770') in 0.030403 seconds 
========================================================================
Received Import Request.
  Time since last request: 0.022374 seconds.
  path: Assets/Images
  artifactKey: Guid(6136cdc239acf3b43baa571d89b4dda7) Importer(815301076,1909f56bfc062723c751e8b465ee728b)
Start importing Assets/Images using Guid(6136cdc239acf3b43baa571d89b4dda7) Importer(815301076,1909f56bfc062723c751e8b465ee728b)  -> (artifact id: '520202f9ac0aba519da7008c39d68821') in 0.004680 seconds 
========================================================================
Received Import Request.
  Time since last request: 0.010118 seconds.
  path: Assets/Materials
  artifactKey: Guid(22179bb223b7f3e40a2d24cd6f622e5a) Importer(815301076,1909f56bfc062723c751e8b465ee728b)
Start importing Assets/Materials using Guid(22179bb223b7f3e40a2d24cd6f622e5a) Importer(815301076,1909f56bfc062723c751e8b465ee728b)  -> (artifact id: '7547eb5db0b368466aa6374ee39910f1') in 0.004667 seconds 
========================================================================
Received Import Request.
  Time since last request: 0.013571 seconds.
  path: Assets/Sounds
  artifactKey: Guid(5d0d3976b5a9217439917cee5776c83b) Importer(815301076,1909f56bfc062723c751e8b465ee728b)
Start importing Assets/Sounds using Guid(5d0d3976b5a9217439917cee5776c83b) Importer(815301076,1909f56bfc062723c751e8b465ee728b)  -> (artifact id: '80e640e29d46712d5600f9b5aec73183') in 0.004682 seconds 
========================================================================
Received Import Request.
  Time since last request: 0.010038 seconds.
  path: Assets/Materials/Dart
  artifactKey: Guid(7f434b2f28174f348b149d7ed7f9d904) Importer(815301076,1909f56bfc062723c751e8b465ee728b)
Start importing Assets/Materials/Dart using Guid(7f434b2f28174f348b149d7ed7f9d904) Importer(815301076,1909f56bfc062723c751e8b465ee728b)  -> (artifact id: '84e5d47a1e73a0bc4ab0dd9b9fb6832b') in 0.001673 seconds 
========================================================================
Received Import Request.
  Time since last request: 0.015064 seconds.
  path: Assets/Textures
  artifactKey: Guid(6cbe799475d122c49867894916fc59e9) Importer(815301076,1909f56bfc062723c751e8b465ee728b)
Start importing Assets/Textures using Guid(6cbe799475d122c49867894916fc59e9) Importer(815301076,1909f56bfc062723c751e8b465ee728b)  -> (artifact id: 'bc52f5d93e41852ef88f7498fe01e463') in 0.004739 seconds 
========================================================================
Received Import Request.
  Time since last request: 0.021903 seconds.
  path: Assets/Shaders
  artifactKey: Guid(5f01b6264a6b85941ba2574d26eeb400) Importer(815301076,1909f56bfc062723c751e8b465ee728b)
Start importing Assets/Shaders using Guid(5f01b6264a6b85941ba2574d26eeb400) Importer(815301076,1909f56bfc062723c751e8b465ee728b)  -> (artifact id: '4383a8bf5e1a0f3d89c874cb6f7af3e2') in 0.006137 seconds 
========================================================================
Received Import Request.
  Time since last request: 0.170183 seconds.
  path: Assets/Textures/Dartboard/wood.png
  artifactKey: Guid(d464a020c5037bc498922e010ef3552f) Importer(815301076,1909f56bfc062723c751e8b465ee728b)
Start importing Assets/Textures/Dartboard/wood.png using Guid(d464a020c5037bc498922e010ef3552f) Importer(815301076,1909f56bfc062723c751e8b465ee728b)  -> (artifact id: '8325607b9a79e48aab57eb0c5773dee1') in 0.014818 seconds 
========================================================================
Received Import Request.
  Time since last request: 0.134041 seconds.
  path: Assets/Model/Dart/Dart.obj
  artifactKey: Guid(f8064408ebdf241d19ea3bc84dd1c8f5) Importer(815301076,1909f56bfc062723c751e8b465ee728b)
Start importing Assets/Model/Dart/Dart.obj using Guid(f8064408ebdf241d19ea3bc84dd1c8f5) Importer(815301076,1909f56bfc062723c751e8b465ee728b)  -> (artifact id: 'b47b1548984d08bc226d1fbc6a5bce68') in 0.067172 seconds 
========================================================================
Received Import Request.
  Time since last request: 0.068752 seconds.
  path: Assets/Shaders/Dartboard/UnlitVertexColour_Alpha.shader
  artifactKey: Guid(125f31ba4cdefb2469a075f509877b02) Importer(815301076,1909f56bfc062723c751e8b465ee728b)
Start importing Assets/Shaders/Dartboard/UnlitVertexColour_Alpha.shader using Guid(125f31ba4cdefb2469a075f509877b02) Importer(815301076,1909f56bfc062723c751e8b465ee728b)  -> (artifact id: 'f0c04857378d1ee11bbba34d3911f093') in 0.005348 seconds 
========================================================================
Received Import Request.
  Time since last request: 0.025642 seconds.
  path: Assets/Sounds/Hit.wav
  artifactKey: Guid(eb55a6095a00fd2459a1dc995692542a) Importer(815301076,1909f56bfc062723c751e8b465ee728b)
Start importing Assets/Sounds/Hit.wav using Guid(eb55a6095a00fd2459a1dc995692542a) Importer(815301076,1909f56bfc062723c751e8b465ee728b)  -> (artifact id: 'c8660cee57df2e00f9a55ccf214f8185') in 0.025287 seconds 
========================================================================
Received Import Request.
  Time since last request: 0.063221 seconds.
  path: Assets/Prefabs/Dart.prefab
  artifactKey: Guid(c3be68fac9a074c2ea07000474129381) Importer(815301076,1909f56bfc062723c751e8b465ee728b)
Start importing Assets/Prefabs/Dart.prefab using Guid(c3be68fac9a074c2ea07000474129381) Importer(815301076,1909f56bfc062723c751e8b465ee728b)  -> (artifact id: '8aa65a8c1407b91614db479d202f4631') in 0.121522 seconds 
========================================================================
Received Import Request.
  Time since last request: 0.024714 seconds.
  path: Assets/Materials/Dartboard
  artifactKey: Guid(18a41631c8d1efa4cbbc46241b09e624) Importer(815301076,1909f56bfc062723c751e8b465ee728b)
Start importing Assets/Materials/Dartboard using Guid(18a41631c8d1efa4cbbc46241b09e624) Importer(815301076,1909f56bfc062723c751e8b465ee728b)  -> (artifact id: '9bc950ba9620434b5728cd385488486e') in 0.001774 seconds 
========================================================================
Received Import Request.
  Time since last request: 0.012851 seconds.
  path: Assets/Materials/Dartboard/DartBoardBlack.mat
  artifactKey: Guid(72a09e3f1c4554407a02f82a807f51f3) Importer(815301076,1909f56bfc062723c751e8b465ee728b)
Start importing Assets/Materials/Dartboard/DartBoardBlack.mat using Guid(72a09e3f1c4554407a02f82a807f51f3) Importer(815301076,1909f56bfc062723c751e8b465ee728b)  -> (artifact id: 'e5989bb0ea40ac5009de35b05cd61fd7') in 0.014277 seconds 
========================================================================
Received Import Request.
  Time since last request: 0.049822 seconds.
  path: Assets/Images/708-7083430_reticle-png.png
  artifactKey: Guid(2dd3ad7f77964594685e7b60a7070f2f) Importer(815301076,1909f56bfc062723c751e8b465ee728b)
Start importing Assets/Images/708-7083430_reticle-png.png using Guid(2dd3ad7f77964594685e7b60a7070f2f) Importer(815301076,1909f56bfc062723c751e8b465ee728b)  -> (artifact id: '4c4ea6db85d3ace714d62719526b4698') in 0.158358 seconds 
========================================================================
Received Import Request.
  Time since last request: 0.031914 seconds.
  path: Assets/Scripts/ArPlaneController.cs
  artifactKey: Guid(996443dc3e9d3594d8b23538ed76dde4) Importer(815301076,1909f56bfc062723c751e8b465ee728b)
Start importing Assets/Scripts/ArPlaneController.cs using Guid(996443dc3e9d3594d8b23538ed76dde4) Importer(815301076,1909f56bfc062723c751e8b465ee728b)  -> (artifact id: '577eff9bae0dd6b3ed5b9e781538e7ad') in 0.005348 seconds 
========================================================================
Received Import Request.
  Time since last request: 0.018092 seconds.
  path: Assets/Shaders/Normal.shader
  artifactKey: Guid(fcb3a1f1c981348d48c9b8d6e868b841) Importer(815301076,1909f56bfc062723c751e8b465ee728b)
Start importing Assets/Shaders/Normal.shader using Guid(fcb3a1f1c981348d48c9b8d6e868b841) Importer(815301076,1909f56bfc062723c751e8b465ee728b)  -> (artifact id: '17bd5950b510ea3c318fbfdc54968046') in 0.005582 seconds 
========================================================================
Received Import Request.
  Time since last request: 0.026852 seconds.
  path: Assets/Scripts/SoundManager.cs
  artifactKey: Guid(1be1a6dcbefba364996cdfcb6b9c91f2) Importer(815301076,1909f56bfc062723c751e8b465ee728b)
Start importing Assets/Scripts/SoundManager.cs using Guid(1be1a6dcbefba364996cdfcb6b9c91f2) Importer(815301076,1909f56bfc062723c751e8b465ee728b)  -> (artifact id: '40d7f9c2d6bd44049e3d0db3fc2ea3ee') in 0.014350 seconds 
========================================================================
Received Import Request.
  Time since last request: 0.013466 seconds.
  path: Assets/Materials/Dart/mat_dart.mat
  artifactKey: Guid(7954486a5a5664b00b799b1f2de59fdd) Importer(815301076,1909f56bfc062723c751e8b465ee728b)
Start importing Assets/Materials/Dart/mat_dart.mat using Guid(7954486a5a5664b00b799b1f2de59fdd) Importer(815301076,1909f56bfc062723c751e8b465ee728b)  -> (artifact id: 'fd9d6c02dce5aae589565e6eef556f27') in 0.026682 seconds 
========================================================================
Received Import Request.
  Time since last request: 0.085190 seconds.
  path: Assets/Images/DartIcon.png
  artifactKey: Guid(4a37aeb8e28553844ad57e2618249c1b) Importer(815301076,1909f56bfc062723c751e8b465ee728b)
Start importing Assets/Images/DartIcon.png using Guid(4a37aeb8e28553844ad57e2618249c1b) Importer(815301076,1909f56bfc062723c751e8b465ee728b)  -> (artifact id: '22b85019f29984a4971c3752d985c14d') in 0.086577 seconds 
========================================================================
Received Import Request.
  Time since last request: 0.048127 seconds.
  path: Assets/Materials/Dartboard/DartBoardGreen.mat
  artifactKey: Guid(7cc76996b4c00475da63d7ce77148795) Importer(815301076,1909f56bfc062723c751e8b465ee728b)
Start importing Assets/Materials/Dartboard/DartBoardGreen.mat using Guid(7cc76996b4c00475da63d7ce77148795) Importer(815301076,1909f56bfc062723c751e8b465ee728b)  -> (artifact id: 'e4b26e52d065fb43a02350949961f6bd') in 0.013204 seconds 
========================================================================
Received Import Request.
  Time since last request: 0.051171 seconds.
  path: Assets/Shaders/HumanStencil.shader
  artifactKey: Guid(100cb03e868ab4dd78fa474037e0f92c) Importer(815301076,1909f56bfc062723c751e8b465ee728b)
Start importing Assets/Shaders/HumanStencil.shader using Guid(100cb03e868ab4dd78fa474037e0f92c) Importer(815301076,1909f56bfc062723c751e8b465ee728b)  -> (artifact id: '8c49d1cf74b47acbc7011b6669ea5289') in 0.005078 seconds 
========================================================================
Received Import Request.
  Time since last request: 0.069660 seconds.
  path: Assets/Images/Placement.png
  artifactKey: Guid(d2c5226cb27433045bc10bc6031f6dd9) Importer(815301076,1909f56bfc062723c751e8b465ee728b)
Start importing Assets/Images/Placement.png using Guid(d2c5226cb27433045bc10bc6031f6dd9) Importer(815301076,1909f56bfc062723c751e8b465ee728b)  -> (artifact id: '39ae8db8ee4a91038daf79152cca3939') in 0.048513 seconds 
========================================================================
Received Import Request.
  Time since last request: 0.170855 seconds.
  path: Assets/Model/Dartboard/Dartboard.fbx
  artifactKey: Guid(6244c06720c75eb418dd8e694b1f31dd) Importer(815301076,1909f56bfc062723c751e8b465ee728b)
Start importing Assets/Model/Dartboard/Dartboard.fbx using Guid(6244c06720c75eb418dd8e694b1f31dd) Importer(815301076,1909f56bfc062723c751e8b465ee728b)  -> (artifact id: '2e7c6866f16e4ef9da8d1add562c90ef') in 0.831429 seconds 
========================================================================
Received Import Request.
  Time since last request: 0.030463 seconds.
  path: Assets/TextMesh Pro/Shaders/TMPro_Properties.cginc
  artifactKey: Guid(3997e2241185407d80309a82f9148466) Importer(815301076,1909f56bfc062723c751e8b465ee728b)
Start importing Assets/TextMesh Pro/Shaders/TMPro_Properties.cginc using Guid(3997e2241185407d80309a82f9148466) Importer(815301076,1909f56bfc062723c751e8b465ee728b)  -> (artifact id: '83ae0457860e87ba26facbd7116e63b2') in 0.023511 seconds 
========================================================================
Received Import Request.
  Time since last request: 0.031089 seconds.
  path: Assets/Shaders/FeatheredPlaneShader.shader
  artifactKey: Guid(38661a2f93c3bf34a8aeab0082c6ce64) Importer(815301076,1909f56bfc062723c751e8b465ee728b)
Start importing Assets/Shaders/FeatheredPlaneShader.shader using Guid(38661a2f93c3bf34a8aeab0082c6ce64) Importer(815301076,1909f56bfc062723c751e8b465ee728b)  -> (artifact id: 'e51230e0578babebbc5a7139e73838a6') in 0.005146 seconds 
========================================================================
Received Import Request.
  Time since last request: 0.031990 seconds.
  path: Assets/Textures/Dartboard
  artifactKey: Guid(92c228235339e82498f991aaa3850a06) Importer(815301076,1909f56bfc062723c751e8b465ee728b)
Start importing Assets/Textures/Dartboard using Guid(92c228235339e82498f991aaa3850a06) Importer(815301076,1909f56bfc062723c751e8b465ee728b)  -> (artifact id: 'fa8de8c7673bbbd180cd9860911c72ec') in 0.001746 seconds 
========================================================================
Received Import Request.
  Time since last request: 0.015049 seconds.
  path: Assets/Shaders/NormalOverlay.shader
  artifactKey: Guid(2af2bdbd30c0f434fbad8fef4871f547) Importer(815301076,1909f56bfc062723c751e8b465ee728b)
Start importing Assets/Shaders/NormalOverlay.shader using Guid(2af2bdbd30c0f434fbad8fef4871f547) Importer(815301076,1909f56bfc062723c751e8b465ee728b)  -> (artifact id: '7726249fae15fbc06deab0d593fea007') in 0.005057 seconds 
========================================================================
Received Import Request.
  Time since last request: 0.026764 seconds.
  path: Assets/Materials/Dartboard/DartBoardRed.mat
  artifactKey: Guid(fd26db487794d42d68881622e3e162c6) Importer(815301076,1909f56bfc062723c751e8b465ee728b)
Start importing Assets/Materials/Dartboard/DartBoardRed.mat using Guid(fd26db487794d42d68881622e3e162c6) Importer(815301076,1909f56bfc062723c751e8b465ee728b)  -> (artifact id: '21fa930886064120874b103dd27eb202') in 0.014312 seconds 
========================================================================
Received Import Request.
  Time since last request: 0.026731 seconds.
  path: Assets/Scripts/DartController.cs
  artifactKey: Guid(95ba33d4c6e2a4c4dbac2df4c9d65f45) Importer(815301076,1909f56bfc062723c751e8b465ee728b)
Start importing Assets/Scripts/DartController.cs using Guid(95ba33d4c6e2a4c4dbac2df4c9d65f45) Importer(815301076,1909f56bfc062723c751e8b465ee728b)  -> (artifact id: '75a1d1e178482de71df0b51f3780602e') in 0.005032 seconds 
========================================================================
Received Import Request.
  Time since last request: 0.021654 seconds.
  path: Assets/Materials/PlacementIndicator.mat
  artifactKey: Guid(e9780117ccbfede43a21881dc4a68ede) Importer(815301076,1909f56bfc062723c751e8b465ee728b)
Start importing Assets/Materials/PlacementIndicator.mat using Guid(e9780117ccbfede43a21881dc4a68ede) Importer(815301076,1909f56bfc062723c751e8b465ee728b)  -> (artifact id: '03e7ba35b67e59549fa06de1e24a1a2d') in 0.043928 seconds 
========================================================================
Received Import Request.
  Time since last request: 0.032723 seconds.
  path: Assets/TextMesh Pro/Resources/Fonts & Materials/LiberationSans SDF.asset
  artifactKey: Guid(8f586378b4e144a9851e7b34d9b748ee) Importer(815301076,1909f56bfc062723c751e8b465ee728b)
Start importing Assets/TextMesh Pro/Resources/Fonts & Materials/LiberationSans SDF.asset using Guid(8f586378b4e144a9851e7b34d9b748ee) Importer(815301076,1909f56bfc062723c751e8b465ee728b)  -> (artifact id: 'f8b7c8c3e3c9a45adbdca63c88707d17') in 0.034583 seconds 
========================================================================
Received Import Request.
  Time since last request: 0.029922 seconds.
  path: Assets/Prefabs/Board.prefab
  artifactKey: Guid(daac84d5b2ad7344a95253f0e0594156) Importer(815301076,1909f56bfc062723c751e8b465ee728b)
Start importing Assets/Prefabs/Board.prefab using Guid(daac84d5b2ad7344a95253f0e0594156) Importer(815301076,1909f56bfc062723c751e8b465ee728b)  -> (artifact id: '9592ad2d1d8e3bc75542840474093e1f') in 0.031177 seconds 
========================================================================
Received Import Request.
  Time since last request: 0.034584 seconds.
  path: Assets/TextMesh Pro/Fonts/LiberationSans.ttf
  artifactKey: Guid(e3265ab4bf004d28a9537516768c1c75) Importer(815301076,1909f56bfc062723c751e8b465ee728b)
Start importing Assets/TextMesh Pro/Fonts/LiberationSans.ttf using Guid(e3265ab4bf004d28a9537516768c1c75) Importer(815301076,1909f56bfc062723c751e8b465ee728b)  -> (artifact id: '277d628565a83885bf9ba9524418cf31') in 0.029049 seconds 
========================================================================
Received Import Request.
  Time since last request: 159.134196 seconds.
  path: Assets/Prefabs/DartboardPrefab.prefab
  artifactKey: Guid(79dc54ef80592400bb0019da7256624b) Importer(815301076,1909f56bfc062723c751e8b465ee728b)
Start importing Assets/Prefabs/DartboardPrefab.prefab using Guid(79dc54ef80592400bb0019da7256624b) Importer(815301076,1909f56bfc062723c751e8b465ee728b)  -> (artifact id: 'c7479df7463a5b6507bb7aa6be7832c9') in 0.046296 seconds 
========================================================================
Received Import Request.
  Time since last request: 32.419572 seconds.
  path: Assets/Prefabs/Dart.prefab
  artifactKey: Guid(c3be68fac9a074c2ea07000474129381) Importer(815301076,1909f56bfc062723c751e8b465ee728b)
Start importing Assets/Prefabs/Dart.prefab using Guid(c3be68fac9a074c2ea07000474129381) Importer(815301076,1909f56bfc062723c751e8b465ee728b)  -> (artifact id: '04697551bae0d6adc67692e7c155cc99') in 0.026411 seconds 
========================================================================
Received Import Request.
  Time since last request: 39.848993 seconds.
  path: Assets/Prefabs/Screen.prefab
  artifactKey: Guid(5e317405eefce184c9f734a0cbc87cb9) Importer(815301076,1909f56bfc062723c751e8b465ee728b)
Start importing Assets/Prefabs/Screen.prefab using Guid(5e317405eefce184c9f734a0cbc87cb9) Importer(815301076,1909f56bfc062723c751e8b465ee728b)  -> (artifact id: 'e3e4a0c926ec489d4ede57d99d1130f1') in 0.046676 seconds 
========================================================================
Received Import Request.
  Time since last request: 34.680587 seconds.
  path: Assets/Scenes/SampleScene.unity
  artifactKey: Guid(9fc0d4010bbf28b4594072e72b8655ab) Importer(815301076,1909f56bfc062723c751e8b465ee728b)
Start importing Assets/Scenes/SampleScene.unity using Guid(9fc0d4010bbf28b4594072e72b8655ab) Importer(815301076,1909f56bfc062723c751e8b465ee728b)  -> (artifact id: 'c383ec0b1800eeffc9296d0232dde173') in 0.054123 seconds 
========================================================================
Received Import Request.
  Time since last request: 15.642544 seconds.
  path: Assets/Scenes/DemoSceneDone.unity
  artifactKey: Guid(9fc0d4010bbf28b4594072e72b8655ab) Importer(815301076,1909f56bfc062723c751e8b465ee728b)
Start importing Assets/Scenes/DemoSceneDone.unity using Guid(9fc0d4010bbf28b4594072e72b8655ab) Importer(815301076,1909f56bfc062723c751e8b465ee728b)  -> (artifact id: 'd5821ef664ba18cb50b9908797312cdc') in 0.007422 seconds 
========================================================================
Received Import Request.
  Time since last request: 27.979369 seconds.
  path: Assets/TextMesh Pro/Shaders/TMPro_Surface.cginc
  artifactKey: Guid(d930090c0cd643c7b55f19a38538c162) Importer(815301076,1909f56bfc062723c751e8b465ee728b)
Start importing Assets/TextMesh Pro/Shaders/TMPro_Surface.cginc using Guid(d930090c0cd643c7b55f19a38538c162) Importer(815301076,1909f56bfc062723c751e8b465ee728b)  -> (artifact id: '271e5b99da0302207ea54d3254b4b83a') in 0.016987 seconds 
========================================================================
Received Import Request.
  Time since last request: 0.026732 seconds.
  path: Assets/TextMesh Pro/Shaders/TMP_SDF SSD.shader
  artifactKey: Guid(14eb328de4b8eb245bb7cea29e4ac00b) Importer(815301076,1909f56bfc062723c751e8b465ee728b)
Start importing Assets/TextMesh Pro/Shaders/TMP_SDF SSD.shader using Guid(14eb328de4b8eb245bb7cea29e4ac00b) Importer(815301076,1909f56bfc062723c751e8b465ee728b)  -> (artifact id: 'de0109498a8e68f2ece1d27b238576d9') in 0.005116 seconds 
========================================================================
Received Import Request.
  Time since last request: 0.019394 seconds.
  path: Assets/TextMesh Pro/Shaders/TMP_SDF.shader
  artifactKey: Guid(68e6db2ebdc24f95958faec2be5558d6) Importer(815301076,1909f56bfc062723c751e8b465ee728b)
Start importing Assets/TextMesh Pro/Shaders/TMP_SDF.shader using Guid(68e6db2ebdc24f95958faec2be5558d6) Importer(815301076,1909f56bfc062723c751e8b465ee728b)  -> (artifact id: '1f6d4d2241ffe115e5bf242d8982424c') in 0.005225 seconds 
========================================================================
Received Import Request.
  Time since last request: 0.019637 seconds.
  path: Assets/TextMesh Pro/Shaders
  artifactKey: Guid(e9f693669af91aa45ad615fc681ed29f) Importer(815301076,1909f56bfc062723c751e8b465ee728b)
Start importing Assets/TextMesh Pro/Shaders using Guid(e9f693669af91aa45ad615fc681ed29f) Importer(815301076,1909f56bfc062723c751e8b465ee728b)  -> (artifact id: '4faf723a4c8ca9b5a0e0800b705e0e5f') in 0.005440 seconds 
========================================================================
Received Import Request.
  Time since last request: 0.058434 seconds.
  path: Assets/TextMesh Pro/Shaders/TMP_Bitmap.shader
  artifactKey: Guid(128e987d567d4e2c824d754223b3f3b0) Importer(815301076,1909f56bfc062723c751e8b465ee728b)
Start importing Assets/TextMesh Pro/Shaders/TMP_Bitmap.shader using Guid(128e987d567d4e2c824d754223b3f3b0) Importer(815301076,1909f56bfc062723c751e8b465ee728b)  -> (artifact id: '76ad87534a73ce893a0ac62cff9bcf5e') in 0.005853 seconds 
========================================================================
Received Import Request.
  Time since last request: 0.029806 seconds.
  path: Assets/TextMesh Pro/Shaders/TMP_SDF-Mobile SSD.shader
  artifactKey: Guid(c8d12adcee749c344b8117cf7c7eb912) Importer(815301076,1909f56bfc062723c751e8b465ee728b)
Start importing Assets/TextMesh Pro/Shaders/TMP_SDF-Mobile SSD.shader using Guid(c8d12adcee749c344b8117cf7c7eb912) Importer(815301076,1909f56bfc062723c751e8b465ee728b)  -> (artifact id: 'dd8f5fac1244a21cbcdbe81aaf91c6a3') in 0.005383 seconds 
========================================================================
Received Import Request.
  Time since last request: 0.060249 seconds.
  path: Assets/TextMesh Pro/Resources/LineBreaking Following Characters.txt
  artifactKey: Guid(fade42e8bc714b018fac513c043d323b) Importer(815301076,1909f56bfc062723c751e8b465ee728b)
Start importing Assets/TextMesh Pro/Resources/LineBreaking Following Characters.txt using Guid(fade42e8bc714b018fac513c043d323b) Importer(815301076,1909f56bfc062723c751e8b465ee728b)  -> (artifact id: '97941211c0556b47b233fb85a80f31fa') in 0.010529 seconds 
========================================================================
Received Import Request.
  Time since last request: 0.027309 seconds.
  path: Assets/TextMesh Pro/Fonts
  artifactKey: Guid(6ab70aee4d56447429c680537fbf93ed) Importer(815301076,1909f56bfc062723c751e8b465ee728b)
Start importing Assets/TextMesh Pro/Fonts using Guid(6ab70aee4d56447429c680537fbf93ed) Importer(815301076,1909f56bfc062723c751e8b465ee728b)  -> (artifact id: 'c1615d532dab169fd406a25610c85d83') in 0.005053 seconds 
========================================================================
Received Import Request.
  Time since last request: 0.027194 seconds.
  path: Assets/TextMesh Pro/Sprites/EmojiOne.json
  artifactKey: Guid(8f05276190cf498a8153f6cbe761d4e6) Importer(815301076,1909f56bfc062723c751e8b465ee728b)
Start importing Assets/TextMesh Pro/Sprites/EmojiOne.json using Guid(8f05276190cf498a8153f6cbe761d4e6) Importer(815301076,1909f56bfc062723c751e8b465ee728b)  -> (artifact id: 'c8f964d6bcf0533f7c15647f9f16dec8') in 0.010618 seconds 
========================================================================
Received Import Request.
  Time since last request: 0.060028 seconds.
  path: Assets/TextMesh Pro/Resources/Fonts & Materials
  artifactKey: Guid(731f1baa9d144a9897cb1d341c2092b8) Importer(815301076,1909f56bfc062723c751e8b465ee728b)
Start importing Assets/TextMesh Pro/Resources/Fonts & Materials using Guid(731f1baa9d144a9897cb1d341c2092b8) Importer(815301076,1909f56bfc062723c751e8b465ee728b)  -> (artifact id: 'ffd79b22ef018eaede018763e8cb0fc6') in 0.004786 seconds 
========================================================================
Received Import Request.
  Time since last request: 0.031506 seconds.
  path: Assets/TextMesh Pro
  artifactKey: Guid(f54d1bd14bd3ca042bd867b519fee8cc) Importer(815301076,1909f56bfc062723c751e8b465ee728b)
Start importing Assets/TextMesh Pro using Guid(f54d1bd14bd3ca042bd867b519fee8cc) Importer(815301076,1909f56bfc062723c751e8b465ee728b)  -> (artifact id: '6170b652e791f28e2dae01803c8e71bf') in 0.004913 seconds 
========================================================================
Received Import Request.
  Time since last request: 0.092007 seconds.
  path: Assets/TextMesh Pro/Shaders/TMP_Bitmap-Custom-Atlas.shader
  artifactKey: Guid(48bb5f55d8670e349b6e614913f9d910) Importer(815301076,1909f56bfc062723c751e8b465ee728b)
Start importing Assets/TextMesh Pro/Shaders/TMP_Bitmap-Custom-Atlas.shader using Guid(48bb5f55d8670e349b6e614913f9d910) Importer(815301076,1909f56bfc062723c751e8b465ee728b)  -> (artifact id: 'ae76a88618ddc50e49aa80cf1ffb2912') in 0.005086 seconds 
========================================================================
Received Import Request.
  Time since last request: 0.014778 seconds.
  path: Assets/TextMesh Pro/Shaders/TMP_SDF-Surface-Mobile.shader
  artifactKey: Guid(85187c2149c549c5b33f0cdb02836b17) Importer(815301076,1909f56bfc062723c751e8b465ee728b)
Start importing Assets/TextMesh Pro/Shaders/TMP_SDF-Surface-Mobile.shader using Guid(85187c2149c549c5b33f0cdb02836b17) Importer(815301076,1909f56bfc062723c751e8b465ee728b)  -> (artifact id: 'c485d1bac552ea8c46fad06bd73caafd') in 0.005004 seconds 
========================================================================
Received Import Request.
  Time since last request: 0.056611 seconds.
  path: Assets/TextMesh Pro/Resources/Style Sheets/Default Style Sheet.asset
  artifactKey: Guid(f952c082cb03451daed3ee968ac6c63e) Importer(815301076,1909f56bfc062723c751e8b465ee728b)
Start importing Assets/TextMesh Pro/Resources/Style Sheets/Default Style Sheet.asset using Guid(f952c082cb03451daed3ee968ac6c63e) Importer(815301076,1909f56bfc062723c751e8b465ee728b)  -> (artifact id: 'fe7d18d05c5cb4771e20e1f22d6e6f31') in 0.006059 seconds 
========================================================================
Received Import Request.
  Time since last request: 0.028466 seconds.
  path: Assets/TextMesh Pro/Documentation
  artifactKey: Guid(8e7e8f5a82a3a134e91c54efd2274ea9) Importer(815301076,1909f56bfc062723c751e8b465ee728b)
Start importing Assets/TextMesh Pro/Documentation using Guid(8e7e8f5a82a3a134e91c54efd2274ea9) Importer(815301076,1909f56bfc062723c751e8b465ee728b)  -> (artifact id: '0a97e90a9297d5662fa6817e1847a24a') in 0.004812 seconds 
========================================================================
Received Import Request.
  Time since last request: 0.030242 seconds.
  path: Assets/TextMesh Pro/Shaders/TMPro.cginc
  artifactKey: Guid(407bc68d299748449bbf7f48ee690f8d) Importer(815301076,1909f56bfc062723c751e8b465ee728b)
Start importing Assets/TextMesh Pro/Shaders/TMPro.cginc using Guid(407bc68d299748449bbf7f48ee690f8d) Importer(815301076,1909f56bfc062723c751e8b465ee728b)  -> (artifact id: '9db2432d618c86d9bc14aab35f6ff0fa') in 0.005242 seconds 
========================================================================
Received Import Request.
  Time since last request: 0.019803 seconds.
  path: Assets/TextMesh Pro/Fonts/LiberationSans - OFL.txt
  artifactKey: Guid(6e59c59b81ab47f9b6ec5781fa725d2c) Importer(815301076,1909f56bfc062723c751e8b465ee728b)
Start importing Assets/TextMesh Pro/Fonts/LiberationSans - OFL.txt using Guid(6e59c59b81ab47f9b6ec5781fa725d2c) Importer(815301076,1909f56bfc062723c751e8b465ee728b)  -> (artifact id: '1de9340bd449fe78fab62280ef4eb436') in 0.005400 seconds 
========================================================================
Received Import Request.
  Time since last request: 0.023494 seconds.
  path: Assets/TextMesh Pro/Resources/Style Sheets
  artifactKey: Guid(4aecb92fff08436c8303b10eab8da368) Importer(815301076,1909f56bfc062723c751e8b465ee728b)
Start importing Assets/TextMesh Pro/Resources/Style Sheets using Guid(4aecb92fff08436c8303b10eab8da368) Importer(815301076,1909f56bfc062723c751e8b465ee728b)  -> (artifact id: 'de8ff62d072f8dd3d981f4430d7c0414') in 0.004896 seconds 
========================================================================
Received Import Request.
  Time since last request: 0.022621 seconds.
  path: Assets/TextMesh Pro/Resources/Sprite Assets/EmojiOne.asset
  artifactKey: Guid(c41005c129ba4d66911b75229fd70b45) Importer(815301076,1909f56bfc062723c751e8b465ee728b)
Start importing Assets/TextMesh Pro/Resources/Sprite Assets/EmojiOne.asset using Guid(c41005c129ba4d66911b75229fd70b45) Importer(815301076,1909f56bfc062723c751e8b465ee728b)  -> (artifact id: 'ae9630bc5d9b3a5dfb6959979e721fb4') in 0.031908 seconds 
========================================================================
Received Import Request.
  Time since last request: 0.030748 seconds.
  path: Assets/TextMesh Pro/Shaders/TMP_SDF-Mobile Masking.shader
  artifactKey: Guid(bc1ede39bf3643ee8e493720e4259791) Importer(815301076,1909f56bfc062723c751e8b465ee728b)
Start importing Assets/TextMesh Pro/Shaders/TMP_SDF-Mobile Masking.shader using Guid(bc1ede39bf3643ee8e493720e4259791) Importer(815301076,1909f56bfc062723c751e8b465ee728b)  -> (artifact id: '338ac6a2b95e083a7059f84b28e51a74') in 0.005115 seconds 
========================================================================
Received Import Request.
  Time since last request: 0.023933 seconds.
  path: Assets/TextMesh Pro/Shaders/TMP_Sprite.shader
  artifactKey: Guid(cf81c85f95fe47e1a27f6ae460cf182c) Importer(815301076,1909f56bfc062723c751e8b465ee728b)
Start importing Assets/TextMesh Pro/Shaders/TMP_Sprite.shader using Guid(cf81c85f95fe47e1a27f6ae460cf182c) Importer(815301076,1909f56bfc062723c751e8b465ee728b)  -> (artifact id: 'bf14fb01e2d6196f3266d73f090b6d59') in 0.005050 seconds 
========================================================================
Received Import Request.
  Time since last request: 0.016380 seconds.
  path: Assets/TextMesh Pro/Shaders/TMPro_Mobile.cginc
  artifactKey: Guid(c334973cef89a9840b0b0c507e0377ab) Importer(815301076,1909f56bfc062723c751e8b465ee728b)
Start importing Assets/TextMesh Pro/Shaders/TMPro_Mobile.cginc using Guid(c334973cef89a9840b0b0c507e0377ab) Importer(815301076,1909f56bfc062723c751e8b465ee728b)  -> (artifact id: '49dd50368b42f107f4c103bc06176d1a') in 0.005140 seconds 
========================================================================
Received Import Request.
  Time since last request: 0.021721 seconds.
  path: Assets/TextMesh Pro/Sprites/EmojiOne Attribution.txt
  artifactKey: Guid(381dcb09d5029d14897e55f98031fca5) Importer(815301076,1909f56bfc062723c751e8b465ee728b)
Start importing Assets/TextMesh Pro/Sprites/EmojiOne Attribution.txt using Guid(381dcb09d5029d14897e55f98031fca5) Importer(815301076,1909f56bfc062723c751e8b465ee728b)  -> (artifact id: 'c8e034e5d755c9a47ce79bf7917c85c0') in 0.005206 seconds 
========================================================================
Received Import Request.
  Time since last request: 0.125486 seconds.
  path: Assets/TextMesh Pro/Shaders/TMP_SDF-Surface.shader
  artifactKey: Guid(f7ada0af4f174f0694ca6a487b8f543d) Importer(815301076,1909f56bfc062723c751e8b465ee728b)
Start importing Assets/TextMesh Pro/Shaders/TMP_SDF-Surface.shader using Guid(f7ada0af4f174f0694ca6a487b8f543d) Importer(815301076,1909f56bfc062723c751e8b465ee728b)  -> (artifact id: 'c2d00f317fe6108f633ba91a7cd4aa5c') in 0.005161 seconds 
========================================================================
Received Import Request.
  Time since last request: 0.025069 seconds.
  path: Assets/TextMesh Pro/Resources/Fonts & Materials/LiberationSans SDF - Outline.mat
  artifactKey: Guid(79459efec17a4d00a321bdcc27bbc385) Importer(815301076,1909f56bfc062723c751e8b465ee728b)
Start importing Assets/TextMesh Pro/Resources/Fonts & Materials/LiberationSans SDF - Outline.mat using Guid(79459efec17a4d00a321bdcc27bbc385) Importer(815301076,1909f56bfc062723c751e8b465ee728b)  -> (artifact id: '73bfc51c5222557aa47c55c3d1b82acd') in 0.074010 seconds 
========================================================================
Received Import Request.
  Time since last request: 0.020703 seconds.
  path: Assets/TextMesh Pro/Resources/Sprite Assets
  artifactKey: Guid(512a49d95c0c4332bdd98131869c23c9) Importer(815301076,1909f56bfc062723c751e8b465ee728b)
Start importing Assets/TextMesh Pro/Resources/Sprite Assets using Guid(512a49d95c0c4332bdd98131869c23c9) Importer(815301076,1909f56bfc062723c751e8b465ee728b)  -> (artifact id: 'c5473180e3799e0261cd9a09c58cdbc1') in 0.004765 seconds 
========================================================================
Received Import Request.
  Time since last request: 0.029804 seconds.
  path: Assets/TextMesh Pro/Shaders/TMP_SDF Overlay.shader
  artifactKey: Guid(dd89cf5b9246416f84610a006f916af7) Importer(815301076,1909f56bfc062723c751e8b465ee728b)
Start importing Assets/TextMesh Pro/Shaders/TMP_SDF Overlay.shader using Guid(dd89cf5b9246416f84610a006f916af7) Importer(815301076,1909f56bfc062723c751e8b465ee728b)  -> (artifact id: '156c3ef7cbb4794c591c6760af60cb27') in 0.005242 seconds 
========================================================================
Received Import Request.
  Time since last request: 0.024737 seconds.
  path: Assets/TextMesh Pro/Sprites/EmojiOne.png
  artifactKey: Guid(dffef66376be4fa480fb02b19edbe903) Importer(815301076,1909f56bfc062723c751e8b465ee728b)
Start importing Assets/TextMesh Pro/Sprites/EmojiOne.png using Guid(dffef66376be4fa480fb02b19edbe903) Importer(815301076,1909f56bfc062723c751e8b465ee728b)  -> (artifact id: '8862b4a03b7ffefd5a5b9365b7b1807b') in 0.015604 seconds 
========================================================================
Received Import Request.
  Time since last request: 0.074838 seconds.
  path: Assets/TextMesh Pro/Resources/TMP Settings.asset
  artifactKey: Guid(3f5b5dff67a942289a9defa416b206f3) Importer(815301076,1909f56bfc062723c751e8b465ee728b)
Start importing Assets/TextMesh Pro/Resources/TMP Settings.asset using Guid(3f5b5dff67a942289a9defa416b206f3) Importer(815301076,1909f56bfc062723c751e8b465ee728b)  -> (artifact id: '48c1b5b2a5c51f560115e3359f92e96c') in 0.032218 seconds 
========================================================================
Received Import Request.
  Time since last request: 0.010993 seconds.
  path: Assets/TextMesh Pro/Sprites
  artifactKey: Guid(d0603b6d5186471b96c778c3949c7ce2) Importer(815301076,1909f56bfc062723c751e8b465ee728b)
Start importing Assets/TextMesh Pro/Sprites using Guid(d0603b6d5186471b96c778c3949c7ce2) Importer(815301076,1909f56bfc062723c751e8b465ee728b)  -> (artifact id: '96cee1b573425f8b706180e9a6dbf5c9') in 0.004797 seconds 
========================================================================
Received Import Request.
  Time since last request: 0.118093 seconds.
  path: Assets/TextMesh Pro/Documentation/TextMesh Pro User Guide 2016.pdf
  artifactKey: Guid(1b8d251f9af63b746bf2f7ffe00ebb9b) Importer(815301076,1909f56bfc062723c751e8b465ee728b)
Start importing Assets/TextMesh Pro/Documentation/TextMesh Pro User Guide 2016.pdf using Guid(1b8d251f9af63b746bf2f7ffe00ebb9b) Importer(815301076,1909f56bfc062723c751e8b465ee728b)  -> (artifact id: '5e169d0eba6395cced2f38b624023eb7') in 0.014218 seconds 
========================================================================
Received Import Request.
  Time since last request: 0.154586 seconds.
  path: Assets/TextMesh Pro/Shaders/TMP_Bitmap-Mobile.shader
  artifactKey: Guid(1e3b057af24249748ff873be7fafee47) Importer(815301076,1909f56bfc062723c751e8b465ee728b)
Start importing Assets/TextMesh Pro/Shaders/TMP_Bitmap-Mobile.shader using Guid(1e3b057af24249748ff873be7fafee47) Importer(815301076,1909f56bfc062723c751e8b465ee728b)  -> (artifact id: '943fb9b4bdfe4b4d267d6fab9eaff41a') in 0.005134 seconds 
========================================================================
Received Import Request.
  Time since last request: 0.025340 seconds.
  path: Assets/TextMesh Pro/Resources
  artifactKey: Guid(243e06394e614e5d99fab26083b707fa) Importer(815301076,1909f56bfc062723c751e8b465ee728b)
Start importing Assets/TextMesh Pro/Resources using Guid(243e06394e614e5d99fab26083b707fa) Importer(815301076,1909f56bfc062723c751e8b465ee728b)  -> (artifact id: '4305a6e5269f696f56eeda6f3c0730ab') in 0.005517 seconds 
========================================================================
Received Import Request.
  Time since last request: 0.014581 seconds.
  path: Assets/TextMesh Pro/Shaders/TMP_SDF-Mobile Overlay.shader
  artifactKey: Guid(a02a7d8c237544f1962732b55a9aebf1) Importer(815301076,1909f56bfc062723c751e8b465ee728b)
Start importing Assets/TextMesh Pro/Shaders/TMP_SDF-Mobile Overlay.shader using Guid(a02a7d8c237544f1962732b55a9aebf1) Importer(815301076,1909f56bfc062723c751e8b465ee728b)  -> (artifact id: '5d28f6831a94e49937856b30095507ec') in 0.004994 seconds 
========================================================================
Received Import Request.
  Time since last request: 0.054500 seconds.
  path: Assets/TextMesh Pro/Resources/LineBreaking Leading Characters.txt
  artifactKey: Guid(d82c1b31c7e74239bff1220585707d2b) Importer(815301076,1909f56bfc062723c751e8b465ee728b)
Start importing Assets/TextMesh Pro/Resources/LineBreaking Leading Characters.txt using Guid(d82c1b31c7e74239bff1220585707d2b) Importer(815301076,1909f56bfc062723c751e8b465ee728b)  -> (artifact id: 'a0de798b38d3dc8103c5409ed7e92697') in 0.005134 seconds 
========================================================================
Received Prepare
Registering precompiled user dll's ...
Registered in 0.005089 seconds.
Begin MonoManager ReloadAssembly
Symbol file LoadedFromMemory doesn't match image D:\sandbox\dARts\dARts\Library\PackageCache\com.unity.visualscripting@1.6.1\Editor\VisualScripting.Core\Dependencies\YamlDotNet\Unity.VisualScripting.YamlDotNet.dll
Symbol file LoadedFromMemory doesn't match image D:\sandbox\dARts\dARts\Library\PackageCache\com.unity.visualscripting@1.6.1\Editor\VisualScripting.Core\Dependencies\DotNetZip\Unity.VisualScripting.IonicZip.dll
Native extension for WindowsStandalone target not found
Refreshing native plugins compatible for Editor in 0.80 ms, found 3 plugins.
Preloading 0 native plugins for Editor in 0.00 ms.
Mono: successfully reloaded assembly
- Completed reload, in  1.180 seconds
Domain Reload Profiling:
	ReloadAssembly (1180ms)
		BeginReloadAssembly (111ms)
			ExecutionOrderSort (0ms)
			DisableScriptedObjects (4ms)
			BackupInstance (0ms)
			ReleaseScriptingObjects (0ms)
			CreateAndSetChildDomain (44ms)
		EndReloadAssembly (1017ms)
			LoadAssemblies (89ms)
			RebuildTransferFunctionScriptingTraits (0ms)
			SetupTypeCache (339ms)
			ReleaseScriptCaches (1ms)
			RebuildScriptCaches (44ms)
			SetupLoadedEditorAssemblies (293ms)
				LogAssemblyErrors (0ms)
				InitializePlatformSupportModulesInManaged (4ms)
				SetLoadedEditorAssemblies (0ms)
				RefreshPlugins (1ms)
				BeforeProcessingInitializeOnLoad (49ms)
				ProcessInitializeOnLoadAttributes (231ms)
				ProcessInitializeOnLoadMethodAttributes (4ms)
				AfterProcessingInitializeOnLoad (4ms)
				EditorAssembliesLoaded (0ms)
			ExecutionOrderSort2 (0ms)
			AwakeInstancesAfterBackupRestoration (12ms)
Platform modules already initialized, skipping
Switching build target platform(19) subTarget(0) extendedPlatform(0) -> platform(13) subTarget(524288) extendedPlatform(0)
Refreshing native plugins compatible for Editor in 0.67 ms, found 3 plugins.
Preloading 0 native plugins for Editor in 0.00 ms.
Unloading 3301 Unused Serialized files (Serialized files now loaded: 0)
System memory in use before: 137.8 MB.
System memory in use after: 138.0 MB.

Unloading 22 unused Assets to reduce memory usage. Loaded Objects now: 3978.
Total: 2.832000 ms (FindLiveObjects: 0.302600 ms CreateObjectMapping: 0.140800 ms MarkObjects: 2.314100 ms  DeleteObjects: 0.072800 ms)

AssetImportParameters requested are different than current active one (requested -> active):
  custom:framework-win-MediaFoundation: 216162199b28c13a410421893ffa2e32 -> 
  custom:video-decoder-ogg-theora: a1e56fd34408186e4bbccfd4996cb3dc -> 
  custom:container-muxer-webm: aa71ff27fc2769a1b78a27578f13a17b -> 
  custom:container-demuxer-webm: 4f35f7cbe854078d1ac9338744f61a02 -> 
  custom:container-demuxer-ogg: 62fdf1f143b41e24485cea50d1cbac27 -> 
  custom:video-encoder-webm-vp8: eb34c28f22e8b96e1ab97ce403110664 -> 
  custom:video-decoder-webm-vp8: 9c59270c3fd7afecdb556c50c9e8de78 -> 
  custom:graphics/normal-map-encoding: 01000000000000000000000000000000 -> 02000000000000000000000000000000
  custom:audio-decoder-ogg-vorbis: bf7c407c2cedff20999df2af8eb42d56 -> 
  custom:audio-encoder-webm-vorbis: bf7c407c2cedff20999df2af8eb42d56 -> 
========================================================================
Received Prepare
Registering precompiled user dll's ...
Registered in 0.006133 seconds.
Begin MonoManager ReloadAssembly
Symbol file LoadedFromMemory doesn't match image D:\sandbox\dARts\dARts\Library\PackageCache\com.unity.visualscripting@1.6.1\Editor\VisualScripting.Core\Dependencies\YamlDotNet\Unity.VisualScripting.YamlDotNet.dll
Symbol file LoadedFromMemory doesn't match image D:\sandbox\dARts\dARts\Library\PackageCache\com.unity.visualscripting@1.6.1\Editor\VisualScripting.Core\Dependencies\DotNetZip\Unity.VisualScripting.IonicZip.dll
Native extension for WindowsStandalone target not found
Refreshing native plugins compatible for Editor in 1.01 ms, found 3 plugins.
Preloading 0 native plugins for Editor in 0.00 ms.
Mono: successfully reloaded assembly
- Completed reload, in  1.060 seconds
Domain Reload Profiling:
	ReloadAssembly (1060ms)
		BeginReloadAssembly (97ms)
			ExecutionOrderSort (0ms)
			DisableScriptedObjects (6ms)
			BackupInstance (0ms)
			ReleaseScriptingObjects (0ms)
			CreateAndSetChildDomain (37ms)
		EndReloadAssembly (909ms)
			LoadAssemblies (79ms)
			RebuildTransferFunctionScriptingTraits (0ms)
			SetupTypeCache (330ms)
			ReleaseScriptCaches (1ms)
			RebuildScriptCaches (37ms)
			SetupLoadedEditorAssemblies (341ms)
				LogAssemblyErrors (0ms)
				InitializePlatformSupportModulesInManaged (5ms)
				SetLoadedEditorAssemblies (0ms)
				RefreshPlugins (1ms)
				BeforeProcessingInitializeOnLoad (65ms)
				ProcessInitializeOnLoadAttributes (260ms)
				ProcessInitializeOnLoadMethodAttributes (5ms)
				AfterProcessingInitializeOnLoad (4ms)
				EditorAssembliesLoaded (0ms)
			ExecutionOrderSort2 (0ms)
			AwakeInstancesAfterBackupRestoration (13ms)
Platform modules already initialized, skipping
Switching build target platform(19) subTarget(0) extendedPlatform(0) -> platform(13) subTarget(524288) extendedPlatform(0)
Refreshing native plugins compatible for Editor in 0.62 ms, found 3 plugins.
Preloading 0 native plugins for Editor in 0.00 ms.
Unloading 3291 Unused Serialized files (Serialized files now loaded: 0)
System memory in use before: 137.5 MB.
System memory in use after: 137.8 MB.

Unloading 20 unused Assets to reduce memory usage. Loaded Objects now: 3982.
Total: 2.534900 ms (FindLiveObjects: 0.281200 ms CreateObjectMapping: 0.149900 ms MarkObjects: 2.037300 ms  DeleteObjects: 0.065800 ms)

AssetImportParameters requested are different than current active one (requested -> active):
  custom:framework-win-MediaFoundation: 216162199b28c13a410421893ffa2e32 -> 
  custom:video-decoder-ogg-theora: a1e56fd34408186e4bbccfd4996cb3dc -> 
  custom:container-muxer-webm: aa71ff27fc2769a1b78a27578f13a17b -> 
  custom:container-demuxer-webm: 4f35f7cbe854078d1ac9338744f61a02 -> 
  custom:container-demuxer-ogg: 62fdf1f143b41e24485cea50d1cbac27 -> 
  custom:video-encoder-webm-vp8: eb34c28f22e8b96e1ab97ce403110664 -> 
  custom:video-decoder-webm-vp8: 9c59270c3fd7afecdb556c50c9e8de78 -> 
  custom:graphics/normal-map-encoding: 01000000000000000000000000000000 -> 02000000000000000000000000000000
  custom:audio-decoder-ogg-vorbis: bf7c407c2cedff20999df2af8eb42d56 -> 
  custom:audio-encoder-webm-vorbis: bf7c407c2cedff20999df2af8eb42d56 -> 
